{"/home/christian/nodeschool/tape-school/lib/change-calculator.js":{"path":"/home/christian/nodeschool/tape-school/lib/change-calculator.js","s":{"1":1,"2":1,"3":4,"4":27,"5":4,"6":23,"7":181,"8":23,"9":4,"10":1},"b":{"1":[4,23]},"f":{},"fnMap":{},"statementMap":{"1":{"start":{"line":1,"column":0},"end":{"line":1,"column":69}},"2":{"start":{"line":3,"column":0},"end":{"line":12,"column":1}},"3":{"start":{"line":4,"column":2},"end":{"line":10,"column":3}},"4":{"start":{"line":5,"column":4},"end":{"line":7,"column":5}},"5":{"start":{"line":6,"column":6},"end":{"line":6,"column":23}},"6":{"start":{"line":8,"column":4},"end":{"line":8,"column":55}},"7":{"start":{"line":8,"column":36},"end":{"line":8,"column":53}},"8":{"start":{"line":9,"column":4},"end":{"line":9,"column":53}},"9":{"start":{"line":11,"column":2},"end":{"line":11,"column":25}},"10":{"start":{"line":13,"column":0},"end":{"line":13,"column":33}}},"branchMap":{"1":{"line":5,"type":"if","locations":[{"start":{"line":5,"column":4},"end":{"line":5,"column":4}},{"start":{"line":5,"column":4},"end":{"line":5,"column":4}}]}}}}